#
# There is insufficient memory for the Java Runtime Environment to continue.
# Native memory allocation (mmap) failed to map 145752064 bytes for committing reserved memory.
# Possible reasons:
#   The system is out of physical RAM or swap space
#   In 32 bit mode, the process size limit was hit
# Possible solutions:
#   Reduce memory load on the system
#   Increase physical memory or swap space
#   Check if swap backing store is full
#   Use 64 bit Java on a 64 bit OS
#   Decrease Java heap size (-Xmx/-Xms)
#   Decrease number of Java threads
#   Decrease Java thread stack sizes (-Xss)
#   Set larger code cache with -XX:ReservedCodeCacheSize=
# This output file may be truncated or incomplete.
#
#  Out of Memory Error (os_linux.cpp:2671), pid=14872, tid=140660858533632
#
# JRE version: Java(TM) SE Runtime Environment (8.0_25-b17) (build 1.8.0_25-b17)
# Java VM: Java HotSpot(TM) 64-Bit Server VM (25.25-b02 mixed mode linux-amd64 compressed oops)
# Failed to write core dump. Core dumps have been disabled. To enable core dumping, try "ulimit -c unlimited" before starting Java again
#

---------------  T H R E A D  ---------------

Current thread (0x00007fee40075800):  VMThread [stack: 0x00007fee2871b000,0x00007fee2881c000] [id=14883]

Stack: [0x00007fee2871b000,0x00007fee2881c000],  sp=0x00007fee2881a0f0,  free space=1020k
Native frames: (J=compiled Java code, j=interpreted, Vv=VM code, C=native code)
V  [libjvm.so+0xa7923a]  VMError::report_and_die()+0x2ca
V  [libjvm.so+0x4e552b]  report_vm_out_of_memory(char const*, int, unsigned long, VMErrorType, char const*)+0x8b
V  [libjvm.so+0x8e5613]  os::Linux::commit_memory_impl(char*, unsigned long, bool)+0x103
V  [libjvm.so+0x8e5b69]  os::pd_commit_memory(char*, unsigned long, unsigned long, bool)+0x29
V  [libjvm.so+0x8df83a]  os::commit_memory(char*, unsigned long, unsigned long, bool)+0x2a
V  [libjvm.so+0x94f923]  PSVirtualSpace::expand_by(unsigned long)+0x53
V  [libjvm.so+0x950d28]  PSYoungGen::resize_generation(unsigned long, unsigned long)+0xf8
V  [libjvm.so+0x94fe82]  PSYoungGen::resize(unsigned long, unsigned long)+0x22
V  [libjvm.so+0x94d163]  PSScavenge::invoke_no_policy()+0xf53
V  [libjvm.so+0x94d8e1]  PSScavenge::invoke()+0x41
V  [libjvm.so+0x907800]  ParallelScavengeHeap::failed_mem_allocate(unsigned long)+0x70
V  [libjvm.so+0xa7a8b7]  VM_ParallelGCFailedAllocation::doit()+0x97
V  [libjvm.so+0xa81fd5]  VM_Operation::evaluate()+0x55
V  [libjvm.so+0xa803aa]  VMThread::evaluate_operation(VM_Operation*)+0xba
V  [libjvm.so+0xa8072e]  VMThread::loop()+0x1ce
V  [libjvm.so+0xa80ba0]  VMThread::run()+0x70
V  [libjvm.so+0x8e7d48]  java_start(Thread*)+0x108

VM_Operation (0x00007fee46ed1260): ParallelGCFailedAllocation, mode: safepoint, requested by thread 0x00007fee4000c800


---------------  P R O C E S S  ---------------

Java Threads: ( => current thread )
  0x00007fee400c2000 JavaThread "Service Thread" daemon [_thread_blocked, id=14890, stack(0x00007fee23bfc000,0x00007fee23cfd000)]
  0x00007fee400b4800 JavaThread "C1 CompilerThread2" daemon [_thread_blocked, id=14889, stack(0x00007fee23cfd000,0x00007fee23dfe000)]
  0x00007fee400b2800 JavaThread "C2 CompilerThread1" daemon [_thread_blocked, id=14888, stack(0x00007fee23dfe000,0x00007fee23eff000)]
  0x00007fee400af800 JavaThread "C2 CompilerThread0" daemon [_thread_blocked, id=14887, stack(0x00007fee23eff000,0x00007fee24000000)]
  0x00007fee400ae000 JavaThread "Signal Dispatcher" daemon [_thread_blocked, id=14886, stack(0x00007fee28019000,0x00007fee2811a000)]
  0x00007fee4007f000 JavaThread "Finalizer" daemon [_thread_blocked, id=14885, stack(0x00007fee28519000,0x00007fee2861a000)]
  0x00007fee4007c800 JavaThread "Reference Handler" daemon [_thread_blocked, id=14884, stack(0x00007fee2861a000,0x00007fee2871b000)]
  0x00007fee4000c800 JavaThread "main" [_thread_blocked, id=14878, stack(0x00007fee46dd2000,0x00007fee46ed3000)]

Other Threads:
=>0x00007fee40075800 VMThread [stack: 0x00007fee2871b000,0x00007fee2881c000] [id=14883]
  0x00007fee400c4800 WatcherThread [stack: 0x00007fee23afb000,0x00007fee23bfc000] [id=14891]

VM state:at safepoint (normal execution)

VM Mutex/Monitor currently owned by a thread:  ([mutex/lock_event])
[0x00007fee40008a30] Threads_lock - owner thread: 0x00007fee40075800
[0x00007fee40008f30] Heap_lock - owner thread: 0x00007fee4000c800

Heap:
 PSYoungGen      total 66048K, used 2552K [0x00000000eab00000, 0x00000000eee00000, 0x0000000100000000)
  eden space 63488K, 0% used [0x00000000eab00000,0x00000000eab00000,0x00000000ee900000)
  from space 2560K, 99% used [0x00000000ee900000,0x00000000eeb7e130,0x00000000eeb80000)
  to   space 2560K, 0% used [0x00000000eeb80000,0x00000000eeb80000,0x00000000eee00000)
 ParOldGen       total 73216K, used 68806K [0x00000000c0000000, 0x00000000c4780000, 0x00000000eab00000)
  object space 73216K, 93% used [0x00000000c0000000,0x00000000c4331ad0,0x00000000c4780000)
 Metaspace       used 7009K, capacity 7544K, committed 7680K, reserved 1056768K
  class space    used 666K, capacity 688K, committed 768K, reserved 1048576K

Card table byte_map: [0x00007fee30824000,0x00007fee30a25000] byte_map_base: 0x00007fee30224000

Marking Bits: (ParMarkBitMap*) 0x00007fee462a62c0
 Begin Bits: [0x00007fee2a000000, 0x00007fee2b000000)
 End Bits:   [0x00007fee2b000000, 0x00007fee2c000000)

Polling page: 0x00007fee46eec000

CodeCache: size=245760Kb used=6837Kb max_used=6850Kb free=238922Kb
 bounds [0x00007fee30de5000, 0x00007fee314a5000, 0x00007fee3fde5000]
 total_blobs=2268 nmethods=1988 adapters=194
 compilation: enabled

Compilation events (10 events):
Event: 4.540 Thread 0x00007fee400af800 2051       4       java.util.TreeMap::fixAfterDeletion (351 bytes)
Event: 4.543 Thread 0x00007fee400b4800 2052 %     3       com.android.dx.merge.DexMerger$IdMerger::mergeSorted @ 228 (382 bytes)
Event: 4.547 Thread 0x00007fee400b4800 nmethod 2052% 0x00007fee31496ad0 code [0x00007fee31496ec0, 0x00007fee31499918]
Event: 4.557 Thread 0x00007fee400af800 nmethod 2051 0x00007fee31494090 code [0x00007fee31494200, 0x00007fee314946b8]
Event: 4.557 Thread 0x00007fee400af800 2053       4       java.util.TreeMap::getFirstEntry (26 bytes)
Event: 4.559 Thread 0x00007fee400af800 nmethod 2053 0x00007fee3147bd50 code [0x00007fee3147bea0, 0x00007fee3147bf58]
Event: 4.559 Thread 0x00007fee400af800 2039       4       java.util.TreeMap::deleteEntry (246 bytes)
Event: 4.561 Thread 0x00007fee400b2800 nmethod 2045 0x00007fee3147c710 code [0x00007fee3147c8e0, 0x00007fee3147d3c8]
Event: 4.561 Thread 0x00007fee400b2800 2041       4       com.android.dx.merge.DexMerger$1::write (51 bytes)
Event: 4.563 Thread 0x00007fee400af800 nmethod 2039 0x00007fee3147e150 code [0x00007fee3147e2c0, 0x00007fee3147e498]

GC Heap History (9 events):
Event: 1.798 GC heap before
{Heap before GC invocations=1 (full 0):
 PSYoungGen      total 18432K, used 15872K [0x00000000eab00000, 0x00000000ebf80000, 0x0000000100000000)
  eden space 15872K, 100% used [0x00000000eab00000,0x00000000eba80000,0x00000000eba80000)
  from space 2560K, 0% used [0x00000000ebd00000,0x00000000ebd00000,0x00000000ebf80000)
  to   space 2560K, 0% used [0x00000000eba80000,0x00000000eba80000,0x00000000ebd00000)
 ParOldGen       total 42496K, used 0K [0x00000000c0000000, 0x00000000c2980000, 0x00000000eab00000)
  object space 42496K, 0% used [0x00000000c0000000,0x00000000c0000000,0x00000000c2980000)
 Metaspace       used 5444K, capacity 6576K, committed 6784K, reserved 1056768K
  class space    used 571K, capacity 616K, committed 640K, reserved 1048576K
Event: 1.829 GC heap after
Heap after GC invocations=1 (full 0):
 PSYoungGen      total 18432K, used 2559K [0x00000000eab00000, 0x00000000ecf00000, 0x0000000100000000)
  eden space 15872K, 0% used [0x00000000eab00000,0x00000000eab00000,0x00000000eba80000)
  from space 2560K, 99% used [0x00000000eba80000,0x00000000ebcffc50,0x00000000ebd00000)
  to   space 2560K, 0% used [0x00000000ecc80000,0x00000000ecc80000,0x00000000ecf00000)
 ParOldGen       total 42496K, used 2213K [0x00000000c0000000, 0x00000000c2980000, 0x00000000eab00000)
  object space 42496K, 5% used [0x00000000c0000000,0x00000000c02295e0,0x00000000c2980000)
 Metaspace       used 5444K, capacity 6576K, committed 6784K, reserved 1056768K
  class space    used 571K, capacity 616K, committed 640K, reserved 1048576K
}
Event: 2.229 GC heap before
{Heap before GC invocations=2 (full 0):
 PSYoungGen      total 18432K, used 18431K [0x00000000eab00000, 0x00000000ecf00000, 0x0000000100000000)
  eden space 15872K, 100% used [0x00000000eab00000,0x00000000eba80000,0x00000000eba80000)
  from space 2560K, 99% used [0x00000000eba80000,0x00000000ebcffc50,0x00000000ebd00000)
  to   space 2560K, 0% used [0x00000000ecc80000,0x00000000ecc80000,0x00000000ecf00000)
 ParOldGen       total 42496K, used 2213K [0x00000000c0000000, 0x00000000c2980000, 0x00000000eab00000)
  object space 42496K, 5% used [0x00000000c0000000,0x00000000c02295e0,0x00000000c2980000)
 Metaspace       used 5708K, capacity 6768K, committed 7040K, reserved 1056768K
  class space    used 572K, capacity 616K, committed 640K, reserved 1048576K
Event: 2.261 GC heap after
Heap after GC invocations=2 (full 0):
 PSYoungGen      total 34304K, used 2557K [0x00000000eab00000, 0x00000000ecf00000, 0x0000000100000000)
  eden space 31744K, 0% used [0x00000000eab00000,0x00000000eab00000,0x00000000eca00000)
  from space 2560K, 99% used [0x00000000ecc80000,0x00000000eceff630,0x00000000ecf00000)
  to   space 2560K, 0% used [0x00000000eca00000,0x00000000eca00000,0x00000000ecc80000)
 ParOldGen       total 42496K, used 5504K [0x00000000c0000000, 0x00000000c2980000, 0x00000000eab00000)
  object space 42496K, 12% used [0x00000000c0000000,0x00000000c0560300,0x00000000c2980000)
 Metaspace       used 5708K, capacity 6768K, committed 7040K, reserved 1056768K
  class space    used 572K, capacity 616K, committed 640K, reserved 1048576K
}
Event: 2.832 GC heap before
{Heap before GC invocations=3 (full 0):
 PSYoungGen      total 34304K, used 34301K [0x00000000eab00000, 0x00000000ecf00000, 0x0000000100000000)
  eden space 31744K, 100% used [0x00000000eab00000,0x00000000eca00000,0x00000000eca00000)
  from space 2560K, 99% used [0x00000000ecc80000,0x00000000eceff630,0x00000000ecf00000)
  to   space 2560K, 0% used [0x00000000eca00000,0x00000000eca00000,0x00000000ecc80000)
 ParOldGen       total 42496K, used 5504K [0x00000000c0000000, 0x00000000c2980000, 0x00000000eab00000)
  object space 42496K, 12% used [0x00000000c0000000,0x00000000c0560300,0x00000000c2980000)
 Metaspace       used 5901K, capacity 6896K, committed 7040K, reserved 1056768K
  class space    used 583K, capacity 616K, committed 640K, reserved 1048576K
Event: 2.876 GC heap after
Heap after GC invocations=3 (full 0):
 PSYoungGen      total 34304K, used 2542K [0x00000000eab00000, 0x00000000eee00000, 0x0000000100000000)
  eden space 31744K, 0% used [0x00000000eab00000,0x00000000eab00000,0x00000000eca00000)
  from space 2560K, 99% used [0x00000000eca00000,0x00000000ecc7b810,0x00000000ecc80000)
  to   space 2560K, 0% used [0x00000000eeb80000,0x00000000eeb80000,0x00000000eee00000)
 ParOldGen       total 42496K, used 10863K [0x00000000c0000000, 0x00000000c2980000, 0x00000000eab00000)
  object space 42496K, 25% used [0x00000000c0000000,0x00000000c0a9be48,0x00000000c2980000)
 Metaspace       used 5901K, capacity 6896K, committed 7040K, reserved 1056768K
  class space    used 583K, capacity 616K, committed 640K, reserved 1048576K
}
Event: 3.175 GC heap before
{Heap before GC invocations=4 (full 0):
 PSYoungGen      total 34304K, used 34286K [0x00000000eab00000, 0x00000000eee00000, 0x0000000100000000)
  eden space 31744K, 100% used [0x00000000eab00000,0x00000000eca00000,0x00000000eca00000)
  from space 2560K, 99% used [0x00000000eca00000,0x00000000ecc7b810,0x00000000ecc80000)
  to   space 2560K, 0% used [0x00000000eeb80000,0x00000000eeb80000,0x00000000eee00000)
 ParOldGen       total 42496K, used 10863K [0x00000000c0000000, 0x00000000c2980000, 0x00000000eab00000)
  object space 42496K, 25% used [0x00000000c0000000,0x00000000c0a9be48,0x00000000c2980000)
 Metaspace       used 5952K, capacity 6960K, committed 7040K, reserved 1056768K
  class space    used 584K, capacity 616K, committed 640K, reserved 1048576K
Event: 3.214 GC heap after
Heap after GC invocations=4 (full 0):
 PSYoungGen      total 66048K, used 2557K [0x00000000eab00000, 0x00000000eee00000, 0x0000000100000000)
  eden space 63488K, 0% used [0x00000000eab00000,0x00000000eab00000,0x00000000ee900000)
  from space 2560K, 99% used [0x00000000eeb80000,0x00000000eedff630,0x00000000eee00000)
  to   space 2560K, 0% used [0x00000000ee900000,0x00000000ee900000,0x00000000eeb80000)
 ParOldGen       total 42496K, used 17366K [0x00000000c0000000, 0x00000000c2980000, 0x00000000eab00000)
  object space 42496K, 40% used [0x00000000c0000000,0x00000000c10f5908,0x00000000c2980000)
 Metaspace       used 5952K, capacity 6960K, committed 7040K, reserved 1056768K
  class space    used 584K, capacity 616K, committed 640K, reserved 1048576K
}
Event: 4.563 GC heap before
{Heap before GC invocations=5 (full 0):
 PSYoungGen      total 66048K, used 66045K [0x00000000eab00000, 0x00000000eee00000, 0x0000000100000000)
  eden space 63488K, 100% used [0x00000000eab00000,0x00000000ee900000,0x00000000ee900000)
  from space 2560K, 99% used [0x00000000eeb80000,0x00000000eedff630,0x00000000eee00000)
  to   space 2560K, 0% used [0x00000000ee900000,0x00000000ee900000,0x00000000eeb80000)
 ParOldGen       total 42496K, used 17366K [0x00000000c0000000, 0x00000000c2980000, 0x00000000eab00000)
  object space 42496K, 40% used [0x00000000c0000000,0x00000000c10f5908,0x00000000c2980000)
 Metaspace       used 7009K, capacity 7544K, committed 7680K, reserved 1056768K
  class space    used 666K, capacity 688K, committed 768K, reserved 1048576K

Deoptimization events (10 events):
Event: 3.702 Thread 0x00007fee4000c800 Uncommon trap: reason=class_check action=maybe_recompile pc=0x00007fee311c0bf4 method=java.util.Arrays.equals([Ljava/lang/Object;[Ljava/lang/Object;)Z @ 62
Event: 4.070 Thread 0x00007fee4000c800 Uncommon trap: reason=unreached action=reinterpret pc=0x00007fee31116660 method=java.util.Arrays.copyOf([Ljava/lang/Object;ILjava/lang/Class;)[Ljava/lang/Object; @ 3
Event: 4.121 Thread 0x00007fee4000c800 Uncommon trap: reason=class_check action=maybe_recompile pc=0x00007fee312fd564 method=java.util.HashMap.putVal(ILjava/lang/Object;Ljava/lang/Object;ZZ)Ljava/lang/Object; @ 56
Event: 4.121 Thread 0x00007fee4000c800 Uncommon trap: reason=class_check action=maybe_recompile pc=0x00007fee312fd564 method=java.util.HashMap.putVal(ILjava/lang/Object;Ljava/lang/Object;ZZ)Ljava/lang/Object; @ 56
Event: 4.121 Thread 0x00007fee4000c800 Uncommon trap: reason=class_check action=maybe_recompile pc=0x00007fee312fd564 method=java.util.HashMap.putVal(ILjava/lang/Object;Ljava/lang/Object;ZZ)Ljava/lang/Object; @ 56
Event: 4.273 Thread 0x00007fee4000c800 Uncommon trap: reason=class_check action=maybe_recompile pc=0x00007fee313e6d44 method=com.android.dex.Leb128.writeUnsignedLeb128(Lcom/android/dex/util/ByteOutput;I)V @ 40
Event: 4.277 Thread 0x00007fee4000c800 Uncommon trap: reason=class_check action=maybe_recompile pc=0x00007fee313e6d44 method=com.android.dex.Leb128.writeUnsignedLeb128(Lcom/android/dex/util/ByteOutput;I)V @ 40
Event: 4.277 Thread 0x00007fee4000c800 Uncommon trap: reason=class_check action=maybe_recompile pc=0x00007fee313e6d44 method=com.android.dex.Leb128.writeUnsignedLeb128(Lcom/android/dex/util/ByteOutput;I)V @ 40
Event: 4.277 Thread 0x00007fee4000c800 Uncommon trap: reason=class_check action=maybe_recompile pc=0x00007fee313e6d44 method=com.android.dex.Leb128.writeUnsignedLeb128(Lcom/android/dex/util/ByteOutput;I)V @ 40
Event: 4.305 Thread 0x00007fee4000c800 Uncommon trap: reason=predicate action=maybe_recompile pc=0x00007fee31462d18 method=com.android.dex.Leb128.writeUnsignedLeb128(Lcom/android/dex/util/ByteOutput;I)V @ 9

Internal exceptions (10 events):
Event: 4.258 Thread 0x00007fee4000c800 Exception <a 'java/security/PrivilegedActionException'> (0x00000000ed4f7518) thrown at [/HUDSON/workspace/8-2-build-linux-amd64/jdk8u25/1514/hotspot/src/share/vm/prims/jvm.cpp, line 1312]
Event: 4.258 Thread 0x00007fee4000c800 Exception <a 'java/security/PrivilegedActionException'> (0x00000000ed4f92d8) thrown at [/HUDSON/workspace/8-2-build-linux-amd64/jdk8u25/1514/hotspot/src/share/vm/prims/jvm.cpp, line 1312]
Event: 4.259 Thread 0x00007fee4000c800 Exception <a 'java/security/PrivilegedActionException'> (0x00000000ed4fc7f0) thrown at [/HUDSON/workspace/8-2-build-linux-amd64/jdk8u25/1514/hotspot/src/share/vm/prims/jvm.cpp, line 1312]
Event: 4.259 Thread 0x00007fee4000c800 Exception <a 'java/security/PrivilegedActionException'> (0x00000000ed4ff700) thrown at [/HUDSON/workspace/8-2-build-linux-amd64/jdk8u25/1514/hotspot/src/share/vm/prims/jvm.cpp, line 1312]
Event: 4.260 Thread 0x00007fee4000c800 Exception <a 'java/security/PrivilegedActionException'> (0x00000000ed502a20) thrown at [/HUDSON/workspace/8-2-build-linux-amd64/jdk8u25/1514/hotspot/src/share/vm/prims/jvm.cpp, line 1312]
Event: 4.260 Thread 0x00007fee4000c800 Exception <a 'java/security/PrivilegedActionException'> (0x00000000ed505d00) thrown at [/HUDSON/workspace/8-2-build-linux-amd64/jdk8u25/1514/hotspot/src/share/vm/prims/jvm.cpp, line 1312]
Event: 4.261 Thread 0x00007fee4000c800 Exception <a 'java/security/PrivilegedActionException'> (0x00000000ed509028) thrown at [/HUDSON/workspace/8-2-build-linux-amd64/jdk8u25/1514/hotspot/src/share/vm/prims/jvm.cpp, line 1312]
Event: 4.261 Thread 0x00007fee4000c800 Exception <a 'java/security/PrivilegedActionException'> (0x00000000ed50c928) thrown at [/HUDSON/workspace/8-2-build-linux-amd64/jdk8u25/1514/hotspot/src/share/vm/prims/jvm.cpp, line 1312]
Event: 4.262 Thread 0x00007fee4000c800 Exception <a 'java/security/PrivilegedActionException'> (0x00000000ed50fc28) thrown at [/HUDSON/workspace/8-2-build-linux-amd64/jdk8u25/1514/hotspot/src/share/vm/prims/jvm.cpp, line 1312]
Event: 4.263 Thread 0x00007fee4000c800 Exception <a 'java/security/PrivilegedActionException'> (0x00000000ed515f70) thrown at [/HUDSON/workspace/8-2-build-linux-amd64/jdk8u25/1514/hotspot/src/share/vm/prims/jvm.cpp, line 1312]

Events (10 events):
Event: 4.305 Thread 0x00007fee4000c800 DEOPT UNPACKING pc=0x00007fee30de9f69 sp=0x00007fee46ed12e8 mode 2
Event: 4.380 Executing VM operation: EnableBiasedLocking
Event: 4.384 Executing VM operation: EnableBiasedLocking done
Event: 4.542 Thread 0x00007fee4000c800 DEOPT PACKING pc=0x00007fee3148ab8c sp=0x00007fee46ed1410
Event: 4.542 Thread 0x00007fee4000c800 DEOPT UNPACKING pc=0x00007fee30e2c373 sp=0x00007fee46ed11d0 mode 0
Event: 4.552 Thread 0x00007fee4000c800 DEOPT PACKING pc=0x00007fee310d065d sp=0x00007fee46ed13e0
Event: 4.552 Thread 0x00007fee4000c800 DEOPT UNPACKING pc=0x00007fee30e2c373 sp=0x00007fee46ed1120 mode 0
Event: 4.558 Thread 0x00007fee4000c800 DEOPT PACKING pc=0x00007fee310d065d sp=0x00007fee46ed13e0
Event: 4.558 Thread 0x00007fee4000c800 DEOPT UNPACKING pc=0x00007fee30e2c373 sp=0x00007fee46ed1120 mode 0
Event: 4.563 Executing VM operation: ParallelGCFailedAllocation


Dynamic libraries:
00400000-00401000 r-xp 00000000 08:06 1052379                            /usr/java/jdk1.8.0_25/bin/java
00600000-00601000 rw-p 00000000 08:06 1052379                            /usr/java/jdk1.8.0_25/bin/java
0141c000-0143d000 rw-p 00000000 00:00 0                                  [heap]
c0000000-c4780000 rw-p 00000000 00:00 0 
c4780000-eab00000 ---p 00000000 00:00 0 
eab00000-eee00000 rw-p 00000000 00:00 0 
f7900000-100000000 ---p 00000000 00:00 0 
100000000-1000c0000 rw-p 00000000 00:00 0 
1000c0000-140000000 ---p 00000000 00:00 0 
7feddc000000-7feddc02b000 rw-p 00000000 00:00 0 
7feddc02b000-7fede0000000 ---p 00000000 00:00 0 
7fede4000000-7fede4021000 rw-p 00000000 00:00 0 
7fede4021000-7fede8000000 ---p 00000000 00:00 0 
7fede8000000-7fede8021000 rw-p 00000000 00:00 0 
7fede8021000-7fedec000000 ---p 00000000 00:00 0 
7fedec000000-7fedec040000 rw-p 00000000 00:00 0 
7fedec040000-7fedf0000000 ---p 00000000 00:00 0 
7fedf0000000-7fedf0021000 rw-p 00000000 00:00 0 
7fedf0021000-7fedf4000000 ---p 00000000 00:00 0 
7fedf4000000-7fedf4021000 rw-p 00000000 00:00 0 
7fedf4021000-7fedf8000000 ---p 00000000 00:00 0 
7fedf8000000-7fedf8021000 rw-p 00000000 00:00 0 
7fedf8021000-7fedfc000000 ---p 00000000 00:00 0 
7fedfc000000-7fedfcabf000 rw-p 00000000 00:00 0 
7fedfcabf000-7fee00000000 ---p 00000000 00:00 0 
7fee00000000-7fee007ce000 rw-p 00000000 00:00 0 
7fee007ce000-7fee04000000 ---p 00000000 00:00 0 
7fee04000000-7fee04021000 rw-p 00000000 00:00 0 
7fee04021000-7fee08000000 ---p 00000000 00:00 0 
7fee08000000-7fee08c58000 rw-p 00000000 00:00 0 
7fee08c58000-7fee0c000000 ---p 00000000 00:00 0 
7fee0c000000-7fee0c021000 rw-p 00000000 00:00 0 
7fee0c021000-7fee10000000 ---p 00000000 00:00 0 
7fee10000000-7fee10021000 rw-p 00000000 00:00 0 
7fee10021000-7fee14000000 ---p 00000000 00:00 0 
7fee14000000-7fee14021000 rw-p 00000000 00:00 0 
7fee14021000-7fee18000000 ---p 00000000 00:00 0 
7fee18000000-7fee18284000 rw-p 00000000 00:00 0 
7fee18284000-7fee1c000000 ---p 00000000 00:00 0 
7fee1c000000-7fee1c021000 rw-p 00000000 00:00 0 
7fee1c021000-7fee20000000 ---p 00000000 00:00 0 
7fee235f6000-7fee235f9000 ---p 00000000 00:00 0 
7fee235f9000-7fee236f7000 rw-p 00000000 00:00 0 
7fee236f7000-7fee236fa000 ---p 00000000 00:00 0 
7fee236fa000-7fee237f8000 rw-p 00000000 00:00 0 
7fee237f8000-7fee237fb000 ---p 00000000 00:00 0 
7fee237fb000-7fee238f9000 rw-p 00000000 00:00 0 
7fee238f9000-7fee238fc000 ---p 00000000 00:00 0 
7fee238fc000-7fee239fa000 rw-p 00000000 00:00 0 
7fee239fa000-7fee239fd000 ---p 00000000 00:00 0 
7fee239fd000-7fee23afb000 rw-p 00000000 00:00 0 
7fee23afb000-7fee23afc000 ---p 00000000 00:00 0 
7fee23afc000-7fee23bfc000 rw-p 00000000 00:00 0                          [stack:14891]
7fee23bfc000-7fee23bff000 ---p 00000000 00:00 0 
7fee23bff000-7fee23cfd000 rw-p 00000000 00:00 0                          [stack:14890]
7fee23cfd000-7fee23d00000 ---p 00000000 00:00 0 
7fee23d00000-7fee23dfe000 rw-p 00000000 00:00 0                          [stack:14889]
7fee23dfe000-7fee23e01000 ---p 00000000 00:00 0 
7fee23e01000-7fee23eff000 rw-p 00000000 00:00 0                          [stack:14888]
7fee23eff000-7fee23f02000 ---p 00000000 00:00 0 
7fee23f02000-7fee24000000 rw-p 00000000 00:00 0                          [stack:14887]
7fee24000000-7fee24021000 rw-p 00000000 00:00 0 
7fee24021000-7fee28000000 ---p 00000000 00:00 0 
7fee28019000-7fee2801c000 ---p 00000000 00:00 0 
7fee2801c000-7fee2811a000 rw-p 00000000 00:00 0                          [stack:14886]
7fee2811a000-7fee28519000 r--p 00000000 08:06 1182966                    /usr/lib/locale/locale-archive
7fee28519000-7fee2851c000 ---p 00000000 00:00 0 
7fee2851c000-7fee2861a000 rw-p 00000000 00:00 0                          [stack:14885]
7fee2861a000-7fee2861d000 ---p 00000000 00:00 0 
7fee2861d000-7fee2871b000 rw-p 00000000 00:00 0                          [stack:14884]
7fee2871b000-7fee2871c000 ---p 00000000 00:00 0 
7fee2871c000-7fee2962a000 rw-p 00000000 00:00 0                          [stack:14883]
7fee2962a000-7fee29800000 r--s 03c64000 08:06 1053731                    /usr/java/jdk1.8.0_25/jre/lib/rt.jar
7fee29800000-7fee29ec0000 rw-p 00000000 00:00 0 
7fee29ec0000-7fee2a000000 ---p 00000000 00:00 0 
7fee2a000000-7fee2c000000 rw-p 00000000 00:00 0 
7fee2c000000-7fee2c021000 rw-p 00000000 00:00 0 
7fee2c021000-7fee30000000 ---p 00000000 00:00 0 
7fee30058000-7fee30067000 r--s 000df000 08:06 1319784                    /home/gagan/android-sdk-linux/build-tools/23.0.2/lib/dx.jar
7fee30067000-7fee30420000 rw-p 00000000 00:00 0 
7fee30420000-7fee30421000 ---p 00000000 00:00 0 
7fee30421000-7fee30521000 rw-p 00000000 00:00 0                          [stack:14882]
7fee30521000-7fee30522000 ---p 00000000 00:00 0 
7fee30522000-7fee30622000 rw-p 00000000 00:00 0                          [stack:14881]
7fee30622000-7fee30623000 ---p 00000000 00:00 0 
7fee30623000-7fee30723000 rw-p 00000000 00:00 0                          [stack:14880]
7fee30723000-7fee30724000 ---p 00000000 00:00 0 
7fee30724000-7fee30848000 rw-p 00000000 00:00 0                          [stack:14879]
7fee30848000-7fee30979000 ---p 00000000 00:00 0 
7fee30979000-7fee3099b000 rw-p 00000000 00:00 0 
7fee3099b000-7fee30a24000 ---p 00000000 00:00 0 
7fee30a24000-7fee30a40000 rw-p 00000000 00:00 0 
7fee30a40000-7fee30de5000 ---p 00000000 00:00 0 
7fee30de5000-7fee314a5000 rwxp 00000000 00:00 0 
7fee314a5000-7fee3fde5000 ---p 00000000 00:00 0 
7fee3fde5000-7fee3fdff000 r-xp 00000000 08:06 1050897                    /usr/java/jdk1.8.0_25/jre/lib/amd64/libzip.so
7fee3fdff000-7fee3ffff000 ---p 0001a000 08:06 1050897                    /usr/java/jdk1.8.0_25/jre/lib/amd64/libzip.so
7fee3ffff000-7fee40000000 rw-p 0001a000 08:06 1050897                    /usr/java/jdk1.8.0_25/jre/lib/amd64/libzip.so
7fee40000000-7fee40395000 rw-p 00000000 00:00 0 
7fee40395000-7fee44000000 ---p 00000000 00:00 0 
7fee44001000-7fee44095000 rw-p 00000000 00:00 0 
7fee44095000-7fee441c7000 ---p 00000000 00:00 0 
7fee441c7000-7fee441d2000 r-xp 00000000 08:06 921841                     /lib/x86_64-linux-gnu/libnss_files-2.19.so
7fee441d2000-7fee443d1000 ---p 0000b000 08:06 921841                     /lib/x86_64-linux-gnu/libnss_files-2.19.so
7fee443d1000-7fee443d2000 r--p 0000a000 08:06 921841                     /lib/x86_64-linux-gnu/libnss_files-2.19.so
7fee443d2000-7fee443d3000 rw-p 0000b000 08:06 921841                     /lib/x86_64-linux-gnu/libnss_files-2.19.so
7fee443d3000-7fee443de000 r-xp 00000000 08:06 921851                     /lib/x86_64-linux-gnu/libnss_nis-2.19.so
7fee443de000-7fee445dd000 ---p 0000b000 08:06 921851                     /lib/x86_64-linux-gnu/libnss_nis-2.19.so
7fee445dd000-7fee445de000 r--p 0000a000 08:06 921851                     /lib/x86_64-linux-gnu/libnss_nis-2.19.so
7fee445de000-7fee445df000 rw-p 0000b000 08:06 921851                     /lib/x86_64-linux-gnu/libnss_nis-2.19.so
7fee445df000-7fee445f6000 r-xp 00000000 08:06 921835                     /lib/x86_64-linux-gnu/libnsl-2.19.so
7fee445f6000-7fee447f5000 ---p 00017000 08:06 921835                     /lib/x86_64-linux-gnu/libnsl-2.19.so
7fee447f5000-7fee447f6000 r--p 00016000 08:06 921835                     /lib/x86_64-linux-gnu/libnsl-2.19.so
7fee447f6000-7fee447f7000 rw-p 00017000 08:06 921835                     /lib/x86_64-linux-gnu/libnsl-2.19.so
7fee447f7000-7fee447f9000 rw-p 00000000 00:00 0 
7fee447f9000-7fee44802000 r-xp 00000000 08:06 921837                     /lib/x86_64-linux-gnu/libnss_compat-2.19.so
7fee44802000-7fee44a01000 ---p 00009000 08:06 921837                     /lib/x86_64-linux-gnu/libnss_compat-2.19.so
7fee44a01000-7fee44a02000 r--p 00008000 08:06 921837                     /lib/x86_64-linux-gnu/libnss_compat-2.19.so
7fee44a02000-7fee44a03000 rw-p 00009000 08:06 921837                     /lib/x86_64-linux-gnu/libnss_compat-2.19.so
7fee44a03000-7fee44a2d000 r-xp 00000000 08:06 1050909                    /usr/java/jdk1.8.0_25/jre/lib/amd64/libjava.so
7fee44a2d000-7fee44c2d000 ---p 0002a000 08:06 1050909                    /usr/java/jdk1.8.0_25/jre/lib/amd64/libjava.so
7fee44c2d000-7fee44c2f000 rw-p 0002a000 08:06 1050909                    /usr/java/jdk1.8.0_25/jre/lib/amd64/libjava.so
7fee44c2f000-7fee44c3c000 r-xp 00000000 08:06 1050875                    /usr/java/jdk1.8.0_25/jre/lib/amd64/libverify.so
7fee44c3c000-7fee44e3c000 ---p 0000d000 08:06 1050875                    /usr/java/jdk1.8.0_25/jre/lib/amd64/libverify.so
7fee44e3c000-7fee44e3e000 rw-p 0000d000 08:06 1050875                    /usr/java/jdk1.8.0_25/jre/lib/amd64/libverify.so
7fee44e3e000-7fee44e45000 r-xp 00000000 08:06 921894                     /lib/x86_64-linux-gnu/librt-2.19.so
7fee44e45000-7fee45044000 ---p 00007000 08:06 921894                     /lib/x86_64-linux-gnu/librt-2.19.so
7fee45044000-7fee45045000 r--p 00006000 08:06 921894                     /lib/x86_64-linux-gnu/librt-2.19.so
7fee45045000-7fee45046000 rw-p 00007000 08:06 921894                     /lib/x86_64-linux-gnu/librt-2.19.so
7fee45046000-7fee4514b000 r-xp 00000000 08:06 921816                     /lib/x86_64-linux-gnu/libm-2.19.so
7fee4514b000-7fee4534a000 ---p 00105000 08:06 921816                     /lib/x86_64-linux-gnu/libm-2.19.so
7fee4534a000-7fee4534b000 r--p 00104000 08:06 921816                     /lib/x86_64-linux-gnu/libm-2.19.so
7fee4534b000-7fee4534c000 rw-p 00105000 08:06 921816                     /lib/x86_64-linux-gnu/libm-2.19.so
7fee4534c000-7fee45fb9000 r-xp 00000000 08:06 1050888                    /usr/java/jdk1.8.0_25/jre/lib/amd64/server/libjvm.so
7fee45fb9000-7fee461b8000 ---p 00c6d000 08:06 1050888                    /usr/java/jdk1.8.0_25/jre/lib/amd64/server/libjvm.so
7fee461b8000-7fee4628e000 rw-p 00c6c000 08:06 1050888                    /usr/java/jdk1.8.0_25/jre/lib/amd64/server/libjvm.so
7fee4628e000-7fee462d1000 rw-p 00000000 00:00 0 
7fee462d1000-7fee4648c000 r-xp 00000000 08:06 921766                     /lib/x86_64-linux-gnu/libc-2.19.so
7fee4648c000-7fee4668b000 ---p 001bb000 08:06 921766                     /lib/x86_64-linux-gnu/libc-2.19.so
7fee4668b000-7fee4668f000 r--p 001ba000 08:06 921766                     /lib/x86_64-linux-gnu/libc-2.19.so
7fee4668f000-7fee46691000 rw-p 001be000 08:06 921766                     /lib/x86_64-linux-gnu/libc-2.19.so
7fee46691000-7fee46696000 rw-p 00000000 00:00 0 
7fee46696000-7fee46699000 r-xp 00000000 08:06 921783                     /lib/x86_64-linux-gnu/libdl-2.19.so
7fee46699000-7fee46898000 ---p 00003000 08:06 921783                     /lib/x86_64-linux-gnu/libdl-2.19.so
7fee46898000-7fee46899000 r--p 00002000 08:06 921783                     /lib/x86_64-linux-gnu/libdl-2.19.so
7fee46899000-7fee4689a000 rw-p 00003000 08:06 921783                     /lib/x86_64-linux-gnu/libdl-2.19.so
7fee4689a000-7fee468af000 r-xp 00000000 08:06 1053113                    /usr/java/jdk1.8.0_25/lib/amd64/jli/libjli.so
7fee468af000-7fee46aae000 ---p 00015000 08:06 1053113                    /usr/java/jdk1.8.0_25/lib/amd64/jli/libjli.so
7fee46aae000-7fee46aaf000 rw-p 00014000 08:06 1053113                    /usr/java/jdk1.8.0_25/lib/amd64/jli/libjli.so
7fee46aaf000-7fee46ac8000 r-xp 00000000 08:06 921886                     /lib/x86_64-linux-gnu/libpthread-2.19.so
7fee46ac8000-7fee46cc7000 ---p 00019000 08:06 921886                     /lib/x86_64-linux-gnu/libpthread-2.19.so
7fee46cc7000-7fee46cc8000 r--p 00018000 08:06 921886                     /lib/x86_64-linux-gnu/libpthread-2.19.so
7fee46cc8000-7fee46cc9000 rw-p 00019000 08:06 921886                     /lib/x86_64-linux-gnu/libpthread-2.19.so
7fee46cc9000-7fee46ccd000 rw-p 00000000 00:00 0 
7fee46ccd000-7fee46cf0000 r-xp 00000000 08:06 921742                     /lib/x86_64-linux-gnu/ld-2.19.so
7fee46cf9000-7fee46dd2000 rw-p 00000000 00:00 0 
7fee46dd2000-7fee46dd5000 ---p 00000000 00:00 0 
7fee46dd5000-7fee46ed7000 rw-p 00000000 00:00 0                          [stack:14878]
7fee46edd000-7fee46ede000 rw-p 00000000 00:00 0 
7fee46ede000-7fee46ee3000 r--s 00092000 08:06 1051306                    /usr/java/jdk1.8.0_25/jre/lib/jsse.jar
7fee46ee3000-7fee46eeb000 rw-s 00000000 08:06 3548927                    /tmp/hsperfdata_gagan/14872
7fee46eeb000-7fee46eec000 rw-p 00000000 00:00 0 
7fee46eec000-7fee46eed000 ---p 00000000 00:00 0 
7fee46eed000-7fee46eef000 rw-p 00000000 00:00 0 
7fee46eef000-7fee46ef0000 r--p 00022000 08:06 921742                     /lib/x86_64-linux-gnu/ld-2.19.so
7fee46ef0000-7fee46ef1000 rw-p 00023000 08:06 921742                     /lib/x86_64-linux-gnu/ld-2.19.so
7fee46ef1000-7fee46ef2000 rw-p 00000000 00:00 0 
7ffe4827f000-7ffe482a2000 rw-p 00000000 00:00 0                          [stack]
7ffe483cc000-7ffe483ce000 r--p 00000000 00:00 0                          [vvar]
7ffe483ce000-7ffe483d0000 r-xp 00000000 00:00 0                          [vdso]
ffffffffff600000-ffffffffff601000 r-xp 00000000 00:00 0                  [vsyscall]

VM Arguments:
jvm_args: -Xmx1024M -Dfile.encoding=UTF-8 -Duser.country=IN -Duser.language=en -Duser.variant 
java_command: com.android.dx.command.Main --dex --num-threads=4 --output /home/gagan/AndroidStudioProjects/Anwesha/app/build/intermediates/dex/debug /home/gagan/AndroidStudioProjects/Anwesha/app/build/intermediates/classes/debug /home/gagan/AndroidStudioProjects/Anwesha/app/build/intermediates/pre-dexed/debug/internal_impl-23.1.1-ebd59fd233016b549d4879b3aa130b96d8cbe243.jar /home/gagan/AndroidStudioProjects/Anwesha/app/build/intermediates/pre-dexed/debug/support-annotations-23.1.1-0df747d7945d629238cf044a4abf0698f2164677.jar /home/gagan/AndroidStudioProjects/Anwesha/app/build/intermediates/pre-dexed/debug/classes-a8c185716582b50706e45599d76ed58032cb6ebb.jar /home/gagan/AndroidStudioProjects/Anwesha/app/build/intermediates/pre-dexed/debug/internal_impl-22.2.0-c6b32938ed3f64e8b8fba34a45b923460ba5620b.jar /home/gagan/AndroidStudioProjects/Anwesha/app/build/intermediates/pre-dexed/debug/classes-7ff759e147ea905ff66ac22d017e53e4afee21ff.jar /home/gagan/AndroidStudioProjects/Anwesha/app/build/intermediates/pre-dexed/debug/classes-63a6563dd1abc7d119e2bf72a77ed2a9e0bf9e5e.jar /home/gagan/AndroidStudioProjects/Anwesha/app/build/intermediates/pre-dexed/debug/classes-4926ceb6583d578137afd7b1888b4599342c7a48.jar /home/gagan/AndroidStudioProjects/Anwesha/app/build/intermediates/pre-dexed/debug/classes-4e9fef3710d9a3768b319c8c99acd9b1676d3875.jar /home/gagan/AndroidStudioProjects/Anwesha/app/build/intermediates/pre-dexed/debug/classes-a0516ef536841dfed37ece115722ad0a7231fbe8.jar /home/gagan/AndroidStudioProjects/Anwesha/app/build/intermediates/pre-dexed/debug/hamcrest-core-1.3-aa681674c50894c43ea3152f19c3048d1d12e5c7.jar /home/gagan/AndroidStudioProjects/Anwesha/app/build/intermediates/pre-dexed/debug/classes-14cf538e1463d6e7c18dad2f0ae499d93f235918.jar /home/gagan/AndroidStudioProjects/Anwesha/app/build/intermediates/pre-dexed/debug/classes-005e4b9b175feacf9f0bd121dab44f121d4b16c8.jar /home/gagan/AndroidStudioProjects/Anwesha/app/build/intermediates/pre-dexed/debug/classes-8377
java_class_path (initial): /home/gagan/android-sdk-linux/build-tools/23.0.2/lib/dx.jar
Launcher Type: SUN_STANDARD

Environment Variables:
PATH=/usr/local/sbin:/usr/local/bin:/usr/sbin:/usr/bin:/sbin:/bin:/usr/games:/usr/local/games
LD_LIBRARY_PATH=/home/gagan/android-studio/bin:
SHELL=/bin/bash
DISPLAY=:0

Signal Handlers:
SIGSEGV: [libjvm.so+0xa79a80], sa_mask[0]=11111111011111111101111111111110, sa_flags=SA_RESTART|SA_SIGINFO
SIGBUS: [libjvm.so+0xa79a80], sa_mask[0]=11111111011111111101111111111110, sa_flags=SA_RESTART|SA_SIGINFO
SIGFPE: [libjvm.so+0x8e24e0], sa_mask[0]=11111111011111111101111111111110, sa_flags=SA_RESTART|SA_SIGINFO
SIGPIPE: [libjvm.so+0x8e24e0], sa_mask[0]=11111111011111111101111111111110, sa_flags=SA_RESTART|SA_SIGINFO
SIGXFSZ: [libjvm.so+0x8e24e0], sa_mask[0]=11111111011111111101111111111110, sa_flags=SA_RESTART|SA_SIGINFO
SIGILL: [libjvm.so+0x8e24e0], sa_mask[0]=11111111011111111101111111111110, sa_flags=SA_RESTART|SA_SIGINFO
SIGUSR1: SIG_DFL, sa_mask[0]=00000000000000000000000000000000, sa_flags=none
SIGUSR2: [libjvm.so+0x8e3d10], sa_mask[0]=00100000000000000000000000000000, sa_flags=SA_RESTART|SA_SIGINFO
SIGHUP: [libjvm.so+0x8e50d0], sa_mask[0]=11111111011111111101111111111110, sa_flags=SA_RESTART|SA_SIGINFO
SIGINT: [libjvm.so+0x8e50d0], sa_mask[0]=11111111011111111101111111111110, sa_flags=SA_RESTART|SA_SIGINFO
SIGTERM: [libjvm.so+0x8e50d0], sa_mask[0]=11111111011111111101111111111110, sa_flags=SA_RESTART|SA_SIGINFO
SIGQUIT: [libjvm.so+0x8e50d0], sa_mask[0]=11111111011111111101111111111110, sa_flags=SA_RESTART|SA_SIGINFO


---------------  S Y S T E M  ---------------

OS:DISTRIB_ID="elementary OS"
DISTRIB_RELEASE=0.3.1
DISTRIB_CODENAME=freya
DISTRIB_DESCRIPTION="elementary OS Freya"

uname:Linux 3.19.0-33-generic #38~14.04.1-Ubuntu SMP Fri Nov 6 18:17:28 UTC 2015 x86_64
libc:glibc 2.19 NPTL 2.19 
rlimit: STACK 8192k, CORE 0k, NPROC 15307, NOFILE 4096, AS infinity
load average:2.87 2.23 2.10

/proc/meminfo:
MemTotal:        3949540 kB
MemFree:          124848 kB
MemAvailable:     100288 kB
Buffers:            3896 kB
Cached:           576004 kB
SwapCached:        18124 kB
Active:          2722992 kB
Inactive:         947908 kB
Active(anon):    2680848 kB
Inactive(anon):   906988 kB
Active(file):      42144 kB
Inactive(file):    40920 kB
Unevictable:          32 kB
Mlocked:              32 kB
SwapTotal:        975868 kB
SwapFree:              0 kB
Dirty:              7896 kB
Writeback:           220 kB
AnonPages:       3072136 kB
Mapped:           271652 kB
Shmem:            497548 kB
Slab:              67356 kB
SReclaimable:      36756 kB
SUnreclaim:        30600 kB
KernelStack:        8896 kB
PageTables:        31700 kB
NFS_Unstable:          0 kB
Bounce:                0 kB
WritebackTmp:          0 kB
CommitLimit:     2950636 kB
Committed_AS:    7959296 kB
VmallocTotal:   34359738367 kB
VmallocUsed:      350652 kB
VmallocChunk:   34359297808 kB
HardwareCorrupted:     0 kB
AnonHugePages:   1206272 kB
CmaTotal:              0 kB
CmaFree:               0 kB
HugePages_Total:       0
HugePages_Free:        0
HugePages_Rsvd:        0
HugePages_Surp:        0
Hugepagesize:       2048 kB
DirectMap4k:      143948 kB
DirectMap2M:     3952640 kB
DirectMap1G:           0 kB


CPU:total 4 (2 cores per cpu, 2 threads per core) family 6 model 69 stepping 1, cmov, cx8, fxsr, mmx, sse, sse2, sse3, ssse3, sse4.1, sse4.2, popcnt, avx, avx2, aes, clmul, erms, lzcnt, ht, tsc, tscinvbit, bmi1, bmi2

/proc/cpuinfo:
processor	: 0
vendor_id	: GenuineIntel
cpu family	: 6
model		: 69
model name	: Intel(R) Core(TM) i3-4030U CPU @ 1.90GHz
stepping	: 1
microcode	: 0x17
cpu MHz		: 1900.000
cache size	: 3072 KB
physical id	: 0
siblings	: 4
core id		: 0
cpu cores	: 2
apicid		: 0
initial apicid	: 0
fpu		: yes
fpu_exception	: yes
cpuid level	: 13
wp		: yes
flags		: fpu vme de pse tsc msr pae mce cx8 apic sep mtrr pge mca cmov pat pse36 clflush dts acpi mmx fxsr sse sse2 ss ht tm pbe syscall nx pdpe1gb rdtscp lm constant_tsc arch_perfmon pebs bts rep_good nopl xtopology nonstop_tsc aperfmperf eagerfpu pni pclmulqdq dtes64 monitor ds_cpl vmx est tm2 ssse3 fma cx16 xtpr pdcm pcid sse4_1 sse4_2 x2apic movbe popcnt tsc_deadline_timer aes xsave avx f16c rdrand lahf_lm abm ida arat epb pln pts dtherm tpr_shadow vnmi flexpriority ept vpid fsgsbase tsc_adjust bmi1 avx2 smep bmi2 erms invpcid xsaveopt
bugs		:
bogomips	: 3791.60
clflush size	: 64
cache_alignment	: 64
address sizes	: 39 bits physical, 48 bits virtual
power management:

processor	: 1
vendor_id	: GenuineIntel
cpu family	: 6
model		: 69
model name	: Intel(R) Core(TM) i3-4030U CPU @ 1.90GHz
stepping	: 1
microcode	: 0x17
cpu MHz		: 1900.000
cache size	: 3072 KB
physical id	: 0
siblings	: 4
core id		: 1
cpu cores	: 2
apicid		: 2
initial apicid	: 2
fpu		: yes
fpu_exception	: yes
cpuid level	: 13
wp		: yes
flags		: fpu vme de pse tsc msr pae mce cx8 apic sep mtrr pge mca cmov pat pse36 clflush dts acpi mmx fxsr sse sse2 ss ht tm pbe syscall nx pdpe1gb rdtscp lm constant_tsc arch_perfmon pebs bts rep_good nopl xtopology nonstop_tsc aperfmperf eagerfpu pni pclmulqdq dtes64 monitor ds_cpl vmx est tm2 ssse3 fma cx16 xtpr pdcm pcid sse4_1 sse4_2 x2apic movbe popcnt tsc_deadline_timer aes xsave avx f16c rdrand lahf_lm abm ida arat epb pln pts dtherm tpr_shadow vnmi flexpriority ept vpid fsgsbase tsc_adjust bmi1 avx2 smep bmi2 erms invpcid xsaveopt
bugs		:
bogomips	: 3791.60
clflush size	: 64
cache_alignment	: 64
address sizes	: 39 bits physical, 48 bits virtual
power management:

processor	: 2
vendor_id	: GenuineIntel
cpu family	: 6
model		: 69
model name	: Intel(R) Core(TM) i3-4030U CPU @ 1.90GHz
stepping	: 1
microcode	: 0x17
cpu MHz		: 1900.074
cache size	: 3072 KB
physical id	: 0
siblings	: 4
core id		: 0
cpu cores	: 2
apicid		: 1
initial apicid	: 1
fpu		: yes
fpu_exception	: yes
cpuid level	: 13
wp		: yes
flags		: fpu vme de pse tsc msr pae mce cx8 apic sep mtrr pge mca cmov pat pse36 clflush dts acpi mmx fxsr sse sse2 ss ht tm pbe syscall nx pdpe1gb rdtscp lm constant_tsc arch_perfmon pebs bts rep_good nopl xtopology nonstop_tsc aperfmperf eagerfpu pni pclmulqdq dtes64 monitor ds_cpl vmx est tm2 ssse3 fma cx16 xtpr pdcm pcid sse4_1 sse4_2 x2apic movbe popcnt tsc_deadline_timer aes xsave avx f16c rdrand lahf_lm abm ida arat epb pln pts dtherm tpr_shadow vnmi flexpriority ept vpid fsgsbase tsc_adjust bmi1 avx2 smep bmi2 erms invpcid xsaveopt
bugs		:
bogomips	: 3791.60
clflush size	: 64
cache_alignment	: 64
address sizes	: 39 bits physical, 48 bits virtual
power management:

processor	: 3
vendor_id	: GenuineIntel
cpu family	: 6
model		: 69
model name	: Intel(R) Core(TM) i3-4030U CPU @ 1.90GHz
stepping	: 1
microcode	: 0x17
cpu MHz		: 1899.925
cache size	: 3072 KB
physical id	: 0
siblings	: 4
core id		: 1
cpu cores	: 2
apicid		: 3
initial apicid	: 3
fpu		: yes
fpu_exception	: yes
cpuid level	: 13
wp		: yes
flags		: fpu vme de pse tsc msr pae mce cx8 apic sep mtrr pge mca cmov pat pse36 clflush dts acpi mmx fxsr sse sse2 ss ht tm pbe syscall nx pdpe1gb rdtscp lm constant_tsc arch_perfmon pebs bts rep_good nopl xtopology nonstop_tsc aperfmperf eagerfpu pni pclmulqdq dtes64 monitor ds_cpl vmx est tm2 ssse3 fma cx16 xtpr pdcm pcid sse4_1 sse4_2 x2apic movbe popcnt tsc_deadline_timer aes xsave avx f16c rdrand lahf_lm abm ida arat epb pln pts dtherm tpr_shadow vnmi flexpriority ept vpid fsgsbase tsc_adjust bmi1 avx2 smep bmi2 erms invpcid xsaveopt
bugs		:
bogomips	: 3791.60
clflush size	: 64
cache_alignment	: 64
address sizes	: 39 bits physical, 48 bits virtual
power management:



Memory: 4k page, physical 3949540k(124848k free), swap 975868k(0k free)

vm_info: Java HotSpot(TM) 64-Bit Server VM (25.25-b02) for linux-amd64 JRE (1.8.0_25-b17), built on Sep 17 2014 17:32:11 by "java_re" with gcc 4.3.0 20080428 (Red Hat 4.3.0-8)

time: Mon Jan 18 22:47:31 2016
elapsed time: 5 seconds (0d 0h 0m 5s)

